[18:34:52] [main/INFO] (FabricLoader/GameProvider) Loading Minecraft 1.19.4 with Fabric Loader 0.14.19
[18:34:52] [main/INFO] (FabricLoader) Loading 46 mods:
	- dragons 1.0
	- fabric-api 0.81.1+1.19.4
	- fabric-api-base 0.4.26+1e9487d2f4
	- fabric-api-lookup-api-v1 1.6.27+504944c8f4
	- fabric-biome-api-v1 13.0.8+348a9c64f4
	- fabric-block-api-v1 1.0.7+e022e5d1f4
	- fabric-blockrenderlayer-v1 1.1.36+c2e6f674f4
	- fabric-client-tags-api-v1 1.0.17+504944c8f4
	- fabric-command-api-v2 2.2.8+504944c8f4
	- fabric-content-registries-v0 3.5.11+ae0966baf4
	- fabric-convention-tags-v1 1.5.1+fe8721bef4
	- fabric-crash-report-info-v1 0.2.16+aeb40ebef4
	- fabric-data-generation-api-v1 11.4.2+504944c8f4
	- fabric-dimensions-v1 2.1.47+7f87f8faf4
	- fabric-entity-events-v1 1.5.15+504944c8f4
	- fabric-events-interaction-v0 0.5.1+76ba65ebf4
	- fabric-game-rule-api-v1 1.0.34+a1ccd7bff4
	- fabric-gametest-api-v1 1.2.6+ae0966baf4
	- fabric-item-api-v1 2.1.19+504944c8f4
	- fabric-item-group-api-v1 3.0.7+043f9acff4
	- fabric-key-binding-api-v1 1.0.34+504944c8f4
	- fabric-lifecycle-events-v1 2.2.17+1e9487d2f4
	- fabric-loot-api-v2 1.1.29+75e98211f4
	- fabric-message-api-v1 5.1.3+504944c8f4
	- fabric-mining-level-api-v1 2.1.41+49abcf7ef4
	- fabric-models-v0 0.3.32+504944c8f4
	- fabric-networking-api-v1 1.3.3+504944c8f4
	- fabric-object-builder-api-v1 7.0.5+504944c8f4
	- fabric-particles-v1 1.0.25+f1e4495bf4
	- fabric-recipe-api-v1 1.0.10+a1ccd7bff4
	- fabric-registry-sync-v0 2.2.2+504944c8f4
	- fabric-renderer-api-v1 2.2.7+ebc93ff3f4
	- fabric-renderer-indigo 1.2.0+ebc93ff3f4
	- fabric-rendering-data-attachment-v1 0.3.30+afca2f3ef4
	- fabric-rendering-fluids-v1 3.0.23+504944c8f4
	- fabric-rendering-v1 2.1.3+504944c8f4
	- fabric-resource-conditions-api-v1 2.3.2+e6c7d4eef4
	- fabric-resource-loader-v0 0.11.4+5ade3c38f4
	- fabric-screen-api-v1 1.0.47+3bd4ab0ff4
	- fabric-screen-handler-api-v1 1.3.22+504944c8f4
	- fabric-sound-api-v1 1.0.10+504944c8f4
	- fabric-transfer-api-v1 3.2.0+80d07a0af4
	- fabric-transitive-access-wideners-v1 3.1.1+b4a333d6f4
	- fabricloader 0.14.19
	- java 17
	- minecraft 1.19.4
[18:34:53] [main/INFO] (FabricLoader/Mixin) SpongePowered MIXIN Subsystem Version=0.8.5 Source=file:/C:/Users/Brock/.gradle/caches/modules-2/files-2.1/net.fabricmc/sponge-mixin/0.12.4+mixin.0.8.5/e13b4069fe3555969811d4474f78576c707bbe1c/sponge-mixin-0.12.4+mixin.0.8.5.jar Service=Knot/Fabric Env=CLIENT
[18:34:54] [main/INFO] (FabricLoader/Mixin) Loaded Fabric development mappings for mixin remapper!
[18:34:54] [main/INFO] (FabricLoader/Mixin) Compatibility level set to JAVA_16
[18:34:55] [main/INFO] (FabricLoader/Mixin) Compatibility level set to JAVA_17
[18:35:25] [Datafixer Bootstrap/INFO] (Minecraft) 180 Datafixer optimizations took 926 milliseconds
[18:35:34] [Render thread/INFO] (Minecraft) Environment: authHost='https://authserver.mojang.com', accountsHost='https://api.mojang.com', sessionHost='https://sessionserver.mojang.com', servicesHost='https://api.minecraftservices.com', name='PROD'
[18:35:35] [Render thread/ERROR] (Minecraft) Failed to verify authentication
com.mojang.authlib.exceptions.InvalidCredentialsException: Status: 401
	at com.mojang.authlib.exceptions.MinecraftClientHttpException.toAuthenticationException(MinecraftClientHttpException.java:56) ~[authlib-3.18.38.jar:?]
	at com.mojang.authlib.yggdrasil.YggdrasilUserApiService.fetchProperties(YggdrasilUserApiService.java:156) ~[authlib-3.18.38.jar:?]
	at com.mojang.authlib.yggdrasil.YggdrasilUserApiService.<init>(YggdrasilUserApiService.java:55) ~[authlib-3.18.38.jar:?]
	at com.mojang.authlib.yggdrasil.YggdrasilAuthenticationService.createUserApiService(YggdrasilAuthenticationService.java:161) ~[authlib-3.18.38.jar:?]
	at net.minecraft.client.MinecraftClient.createUserApiService(MinecraftClient.java:732) ~[minecraft-project-@-merged-named.jar:?]
	at net.minecraft.client.MinecraftClient.<init>(MinecraftClient.java:440) ~[minecraft-project-@-merged-named.jar:?]
	at net.minecraft.client.main.Main.main(Main.java:198) ~[minecraft-project-@-merged-named.jar:?]
	at net.fabricmc.loader.impl.game.minecraft.MinecraftGameProvider.launch(MinecraftGameProvider.java:462) ~[fabric-loader-0.14.19.jar:?]
	at net.fabricmc.loader.impl.launch.knot.Knot.launch(Knot.java:74) ~[fabric-loader-0.14.19.jar:?]
	at net.fabricmc.loader.impl.launch.knot.KnotClient.main(KnotClient.java:23) ~[fabric-loader-0.14.19.jar:?]
	at net.fabricmc.devlaunchinjector.Main.main(Main.java:86) ~[dev-launch-injector-0.2.1+build.8.jar:?]
Caused by: com.mojang.authlib.exceptions.MinecraftClientHttpException: Status: 401
	at com.mojang.authlib.minecraft.client.MinecraftClient.readInputStream(MinecraftClient.java:85) ~[authlib-3.18.38.jar:?]
	at com.mojang.authlib.minecraft.client.MinecraftClient.get(MinecraftClient.java:48) ~[authlib-3.18.38.jar:?]
	at com.mojang.authlib.yggdrasil.YggdrasilUserApiService.fetchProperties(YggdrasilUserApiService.java:129) ~[authlib-3.18.38.jar:?]
	... 9 more
[18:35:36] [Render thread/INFO] (Minecraft) Setting user: Player921
[18:35:36] [Render thread/INFO] (dragons) There is no spoon
[18:35:37] [Render thread/INFO] (Indigo) [Indigo] Registering Indigo renderer!
[18:35:39] [Render thread/INFO] (Minecraft) Backend library: LWJGL version 3.3.1 SNAPSHOT
[18:35:46] [Render thread/INFO] (Minecraft) Reloading ResourceManager: vanilla, fabric (fabric-api-lookup-api-v1, fabric-networking-api-v1, fabric-client-tags-api-v1, fabric-models-v0, fabric-object-builder-api-v1, fabric-gametest-api-v1, fabric-resource-loader-v0, fabric-recipe-api-v1, fabric-crash-report-info-v1, fabric-transfer-api-v1, fabric-data-generation-api-v1, fabric-transitive-access-wideners-v1, fabric-block-api-v1, fabric-blockrenderlayer-v1, fabric-events-interaction-v0, fabric-item-group-api-v1, fabric-mining-level-api-v1, fabric-lifecycle-events-v1, fabric-rendering-v1, fabric-particles-v1, fabric-renderer-indigo, fabric-game-rule-api-v1, fabric-api, fabric-rendering-fluids-v1, fabric-entity-events-v1, fabric-content-registries-v0, fabricloader, fabric-biome-api-v1, fabric-rendering-data-attachment-v1, fabric-command-api-v2, fabric-message-api-v1, fabric-dimensions-v1, fabric-convention-tags-v1, fabric-api-base, fabric-resource-conditions-api-v1, fabric-loot-api-v2, fabric-screen-handler-api-v1, fabric-renderer-api-v1, fabric-item-api-v1, fabric-key-binding-api-v1, fabric-screen-api-v1, fabric-registry-sync-v0, fabric-sound-api-v1)
[18:35:51] [Realms Notification Availability checker #1/INFO] (Minecraft) Could not authorize you against Realms server: Invalid session id
[18:35:53] [Worker-Main-3/WARN] (Minecraft) Unable to load model: 'dragons:dragon_scales#inventory' referenced from: dragons:dragon_scales#inventory: java.io.FileNotFoundException: dragons:models/item/dragon_scales.json
[18:35:57] [Render thread/WARN] (Minecraft) Missing sound for event: minecraft:item.brush.brushing
[18:35:57] [Render thread/WARN] (Minecraft) Missing sound for event: minecraft:item.brush.brush_sand_completed
[18:35:57] [Render thread/WARN] (Minecraft) Missing sound for event: minecraft:item.goat_horn.play
[18:35:57] [Render thread/WARN] (Minecraft) Missing sound for event: minecraft:entity.goat.screaming.horn_break
[18:35:57] [Render thread/WARN] (Minecraft) Missing sound for event: minecraft:music.overworld.cherry_grove
[18:35:58] [Render thread/INFO] (Minecraft) OpenAL initialized on device OpenAL Soft on Speakers (Realtek High Definition Audio)
[18:35:58] [Render thread/INFO] (Minecraft) Sound engine started
[18:35:58] [Render thread/INFO] (Minecraft) Created: 1024x512x4 minecraft:textures/atlas/blocks.png-atlas
[18:35:58] [Render thread/INFO] (Minecraft) Created: 256x256x4 minecraft:textures/atlas/signs.png-atlas
[18:35:58] [Render thread/INFO] (Minecraft) Created: 512x512x4 minecraft:textures/atlas/shield_patterns.png-atlas
[18:35:58] [Render thread/INFO] (Minecraft) Created: 512x512x4 minecraft:textures/atlas/banner_patterns.png-atlas
[18:35:58] [Render thread/INFO] (Minecraft) Created: 1024x1024x4 minecraft:textures/atlas/armor_trims.png-atlas
[18:35:58] [Render thread/INFO] (Minecraft) Created: 64x64x4 minecraft:textures/atlas/decorated_pot.png-atlas
[18:35:58] [Render thread/INFO] (Minecraft) Created: 256x256x4 minecraft:textures/atlas/chest.png-atlas
[18:35:58] [Render thread/INFO] (Minecraft) Created: 512x256x4 minecraft:textures/atlas/beds.png-atlas
[18:35:58] [Render thread/INFO] (Minecraft) Created: 512x256x4 minecraft:textures/atlas/shulker_boxes.png-atlas
[18:36:00] [Render thread/WARN] (Minecraft) Shader rendertype_entity_translucent_emissive could not find sampler named Sampler2 in the specified shader program.
[18:36:00] [Render thread/INFO] (Minecraft) Created: 256x256x0 minecraft:textures/atlas/particles.png-atlas
[18:36:00] [Render thread/INFO] (Minecraft) Created: 256x256x0 minecraft:textures/atlas/paintings.png-atlas
[18:36:00] [Render thread/INFO] (Minecraft) Created: 128x128x0 minecraft:textures/atlas/mob_effects.png-atlas
[18:36:56] [Render thread/INFO] (Minecraft) Deleting level New World
[18:36:56] [Render thread/INFO] (Minecraft) Attempt 1...
[18:37:02] [Render thread/INFO] (Minecraft) Loaded 7 recipes
[18:37:08] [Render thread/INFO] (Minecraft) Loaded 1179 advancements
[18:37:17] [Render thread/INFO] (Minecraft) Loaded 7 recipes
[18:37:17] [Render thread/INFO] (Minecraft) Loaded 1179 advancements
[18:37:33] [Render thread/INFO] (BiomeModificationImpl) Applied 0 biome modifications to 0 of 63 new biomes in 12.89 ms
[18:37:34] [Server thread/INFO] (Minecraft) Starting integrated minecraft server version 1.19.4
[18:37:34] [Server thread/INFO] (Minecraft) Generating keypair
[18:37:55] [Server thread/INFO] (Minecraft) Preparing start region for dimension minecraft:overworld
[18:37:59] [Render thread/INFO] (Minecraft) Preparing spawn area: 0%
[18:37:59] [Render thread/INFO] (Minecraft) Preparing spawn area: 0%
[18:37:59] [Render thread/INFO] (Minecraft) Preparing spawn area: 0%
[18:37:59] [Render thread/INFO] (Minecraft) Preparing spawn area: 0%
[18:37:59] [Render thread/INFO] (Minecraft) Preparing spawn area: 0%
[18:37:59] [Render thread/INFO] (Minecraft) Preparing spawn area: 0%
[18:37:59] [Render thread/INFO] (Minecraft) Preparing spawn area: 0%
[18:37:59] [Render thread/INFO] (Minecraft) Preparing spawn area: 0%
[18:37:59] [Render thread/INFO] (Minecraft) Preparing spawn area: 0%
[18:37:59] [Render thread/INFO] (Minecraft) Preparing spawn area: 0%
[18:38:00] [Render thread/INFO] (Minecraft) Preparing spawn area: 0%
[18:38:01] [Render thread/INFO] (Minecraft) Preparing spawn area: 0%
[18:38:01] [Render thread/INFO] (Minecraft) Preparing spawn area: 0%
[18:38:01] [Render thread/INFO] (Minecraft) Preparing spawn area: 0%
[18:38:02] [Render thread/INFO] (Minecraft) Preparing spawn area: 0%
[18:38:02] [Render thread/INFO] (Minecraft) Preparing spawn area: 0%
[18:38:03] [Render thread/INFO] (Minecraft) Preparing spawn area: 0%
[18:38:03] [Render thread/INFO] (Minecraft) Preparing spawn area: 0%
[18:38:04] [Render thread/INFO] (Minecraft) Preparing spawn area: 0%
[18:38:04] [Render thread/INFO] (Minecraft) Preparing spawn area: 0%
[18:38:05] [Render thread/INFO] (Minecraft) Preparing spawn area: 0%
[18:38:05] [Render thread/INFO] (Minecraft) Preparing spawn area: 0%
[18:38:06] [Render thread/INFO] (Minecraft) Preparing spawn area: 0%
[18:38:06] [Render thread/INFO] (Minecraft) Preparing spawn area: 0%
[18:38:07] [Render thread/INFO] (Minecraft) Preparing spawn area: 1%
[18:38:07] [Render thread/INFO] (Minecraft) Preparing spawn area: 1%
[18:38:08] [Render thread/INFO] (Minecraft) Preparing spawn area: 1%
[18:38:08] [Render thread/INFO] (Minecraft) Preparing spawn area: 1%
[18:38:09] [Render thread/INFO] (Minecraft) Preparing spawn area: 1%
[18:38:09] [Render thread/INFO] (Minecraft) Preparing spawn area: 1%
[18:38:10] [Render thread/INFO] (Minecraft) Preparing spawn area: 1%
[18:38:10] [Render thread/INFO] (Minecraft) Preparing spawn area: 2%
[18:38:11] [Render thread/INFO] (Minecraft) Preparing spawn area: 2%
[18:38:12] [Render thread/INFO] (Minecraft) Preparing spawn area: 2%
[18:38:12] [Render thread/INFO] (Minecraft) Preparing spawn area: 2%
[18:38:13] [Render thread/INFO] (Minecraft) Preparing spawn area: 2%
[18:38:13] [Render thread/INFO] (Minecraft) Preparing spawn area: 2%
[18:38:13] [Render thread/INFO] (Minecraft) Preparing spawn area: 2%
[18:38:14] [Render thread/INFO] (Minecraft) Preparing spawn area: 3%
[18:38:14] [Render thread/INFO] (Minecraft) Preparing spawn area: 3%
[18:38:15] [Render thread/INFO] (Minecraft) Preparing spawn area: 3%
[18:38:15] [Render thread/INFO] (Minecraft) Preparing spawn area: 4%
[18:38:16] [Render thread/INFO] (Minecraft) Preparing spawn area: 4%
[18:38:16] [Render thread/INFO] (Minecraft) Preparing spawn area: 4%
[18:38:17] [Render thread/INFO] (Minecraft) Preparing spawn area: 4%
[18:38:17] [Render thread/INFO] (Minecraft) Preparing spawn area: 4%
[18:38:18] [Render thread/INFO] (Minecraft) Preparing spawn area: 5%
[18:38:18] [Render thread/INFO] (Minecraft) Preparing spawn area: 5%
[18:38:19] [Render thread/INFO] (Minecraft) Preparing spawn area: 5%
[18:38:19] [Render thread/INFO] (Minecraft) Preparing spawn area: 5%
[18:38:20] [Render thread/INFO] (Minecraft) Preparing spawn area: 5%
[18:38:21] [Render thread/INFO] (Minecraft) Preparing spawn area: 6%
[18:38:21] [Render thread/INFO] (Minecraft) Preparing spawn area: 6%
[18:38:21] [Render thread/INFO] (Minecraft) Preparing spawn area: 6%
[18:38:22] [Render thread/INFO] (Minecraft) Preparing spawn area: 6%
[18:38:22] [Render thread/INFO] (Minecraft) Preparing spawn area: 7%
[18:38:23] [Render thread/INFO] (Minecraft) Preparing spawn area: 7%
[18:38:23] [Render thread/INFO] (Minecraft) Preparing spawn area: 7%
[18:38:24] [Render thread/INFO] (Minecraft) Preparing spawn area: 8%
[18:38:24] [Render thread/INFO] (Minecraft) Preparing spawn area: 8%
[18:38:25] [Render thread/INFO] (Minecraft) Preparing spawn area: 9%
[18:38:25] [Render thread/INFO] (Minecraft) Preparing spawn area: 9%
[18:38:26] [Render thread/INFO] (Minecraft) Preparing spawn area: 10%
[18:38:26] [Render thread/INFO] (Minecraft) Preparing spawn area: 10%
[18:38:27] [Render thread/INFO] (Minecraft) Preparing spawn area: 10%
[18:38:28] [Render thread/INFO] (Minecraft) Preparing spawn area: 11%
[18:38:28] [Render thread/INFO] (Minecraft) Preparing spawn area: 11%
[18:38:28] [Render thread/INFO] (Minecraft) Preparing spawn area: 12%
[18:38:29] [Render thread/INFO] (Minecraft) Preparing spawn area: 12%
[18:38:30] [Render thread/INFO] (Minecraft) Preparing spawn area: 12%
[18:38:30] [Render thread/INFO] (Minecraft) Preparing spawn area: 13%
[18:38:30] [Render thread/INFO] (Minecraft) Preparing spawn area: 13%
[18:38:31] [Render thread/INFO] (Minecraft) Preparing spawn area: 13%
[18:38:31] [Render thread/INFO] (Minecraft) Preparing spawn area: 15%
[18:38:32] [Render thread/INFO] (Minecraft) Preparing spawn area: 15%
[18:38:32] [Render thread/INFO] (Minecraft) Preparing spawn area: 15%
[18:38:33] [Render thread/INFO] (Minecraft) Preparing spawn area: 16%
[18:38:33] [Render thread/INFO] (Minecraft) Preparing spawn area: 16%
[18:38:34] [Render thread/INFO] (Minecraft) Preparing spawn area: 16%
[18:38:34] [Render thread/INFO] (Minecraft) Preparing spawn area: 17%
[18:38:35] [Render thread/INFO] (Minecraft) Preparing spawn area: 17%
[18:38:35] [Render thread/INFO] (Minecraft) Preparing spawn area: 17%
[18:38:36] [Render thread/INFO] (Minecraft) Preparing spawn area: 18%
[18:38:36] [Render thread/INFO] (Minecraft) Preparing spawn area: 18%
[18:38:37] [Render thread/INFO] (Minecraft) Preparing spawn area: 19%
[18:38:37] [Render thread/INFO] (Minecraft) Preparing spawn area: 19%
[18:38:38] [Render thread/INFO] (Minecraft) Preparing spawn area: 19%
[18:38:38] [Render thread/INFO] (Minecraft) Preparing spawn area: 20%
[18:38:39] [Render thread/INFO] (Minecraft) Preparing spawn area: 20%
[18:38:39] [Render thread/INFO] (Minecraft) Preparing spawn area: 20%
[18:38:40] [Render thread/INFO] (Minecraft) Preparing spawn area: 21%
[18:38:40] [Render thread/INFO] (Minecraft) Preparing spawn area: 22%
[18:38:41] [Render thread/INFO] (Minecraft) Preparing spawn area: 22%
[18:38:41] [Render thread/INFO] (Minecraft) Preparing spawn area: 22%
[18:38:42] [Render thread/INFO] (Minecraft) Preparing spawn area: 22%
[18:38:42] [Render thread/INFO] (Minecraft) Preparing spawn area: 23%
[18:38:43] [Render thread/INFO] (Minecraft) Preparing spawn area: 23%
[18:38:43] [Render thread/INFO] (Minecraft) Preparing spawn area: 24%
[18:38:44] [Render thread/INFO] (Minecraft) Preparing spawn area: 24%
[18:38:44] [Render thread/INFO] (Minecraft) Preparing spawn area: 24%
[18:38:45] [Render thread/INFO] (Minecraft) Preparing spawn area: 25%
[18:38:45] [Render thread/INFO] (Minecraft) Preparing spawn area: 25%
[18:38:46] [Render thread/INFO] (Minecraft) Preparing spawn area: 26%
[18:38:46] [Render thread/INFO] (Minecraft) Preparing spawn area: 26%
[18:38:47] [Render thread/INFO] (Minecraft) Preparing spawn area: 27%
[18:38:47] [Render thread/INFO] (Minecraft) Preparing spawn area: 27%
[18:38:48] [Render thread/INFO] (Minecraft) Preparing spawn area: 28%
[18:38:48] [Render thread/INFO] (Minecraft) Preparing spawn area: 28%
[18:38:49] [Render thread/INFO] (Minecraft) Preparing spawn area: 29%
[18:38:49] [Render thread/INFO] (Minecraft) Preparing spawn area: 29%
[18:38:50] [Render thread/INFO] (Minecraft) Preparing spawn area: 30%
[18:38:50] [Render thread/INFO] (Minecraft) Preparing spawn area: 30%
[18:38:51] [Render thread/INFO] (Minecraft) Preparing spawn area: 31%
[18:38:51] [Render thread/INFO] (Minecraft) Preparing spawn area: 31%
[18:38:52] [Render thread/INFO] (Minecraft) Preparing spawn area: 31%
[18:38:52] [Render thread/INFO] (Minecraft) Preparing spawn area: 32%
[18:38:53] [Render thread/INFO] (Minecraft) Preparing spawn area: 32%
[18:38:53] [Render thread/INFO] (Minecraft) Preparing spawn area: 33%
[18:38:54] [Render thread/INFO] (Minecraft) Preparing spawn area: 33%
[18:38:54] [Render thread/INFO] (Minecraft) Preparing spawn area: 34%
[18:38:55] [Render thread/INFO] (Minecraft) Preparing spawn area: 34%
[18:38:55] [Render thread/INFO] (Minecraft) Preparing spawn area: 35%
[18:38:56] [Render thread/INFO] (Minecraft) Preparing spawn area: 35%
[18:38:56] [Render thread/INFO] (Minecraft) Preparing spawn area: 36%
[18:38:57] [Render thread/INFO] (Minecraft) Preparing spawn area: 37%
[18:38:57] [Render thread/INFO] (Minecraft) Preparing spawn area: 37%
[18:38:58] [Render thread/INFO] (Minecraft) Preparing spawn area: 37%
[18:38:58] [Render thread/INFO] (Minecraft) Preparing spawn area: 38%
[18:38:59] [Render thread/INFO] (Minecraft) Preparing spawn area: 38%
[18:38:59] [Render thread/INFO] (Minecraft) Preparing spawn area: 39%
[18:39:00] [Render thread/INFO] (Minecraft) Preparing spawn area: 40%
[18:39:00] [Render thread/INFO] (Minecraft) Preparing spawn area: 41%
[18:39:01] [Render thread/INFO] (Minecraft) Preparing spawn area: 42%
[18:39:01] [Render thread/INFO] (Minecraft) Preparing spawn area: 42%
[18:39:02] [Render thread/INFO] (Minecraft) Preparing spawn area: 42%
[18:39:02] [Render thread/INFO] (Minecraft) Preparing spawn area: 42%
[18:39:03] [Render thread/INFO] (Minecraft) Preparing spawn area: 43%
[18:39:03] [Render thread/INFO] (Minecraft) Preparing spawn area: 43%
[18:39:04] [Render thread/INFO] (Minecraft) Preparing spawn area: 44%
[18:39:04] [Render thread/INFO] (Minecraft) Preparing spawn area: 44%
[18:39:05] [Render thread/INFO] (Minecraft) Preparing spawn area: 44%
[18:39:05] [Render thread/INFO] (Minecraft) Preparing spawn area: 45%
[18:39:06] [Render thread/INFO] (Minecraft) Preparing spawn area: 45%
[18:39:06] [Render thread/INFO] (Minecraft) Preparing spawn area: 46%
[18:39:07] [Render thread/INFO] (Minecraft) Preparing spawn area: 47%
[18:39:07] [Render thread/INFO] (Minecraft) Preparing spawn area: 47%
[18:39:08] [Render thread/INFO] (Minecraft) Preparing spawn area: 48%
[18:39:08] [Render thread/INFO] (Minecraft) Preparing spawn area: 48%
[18:39:09] [Render thread/INFO] (Minecraft) Preparing spawn area: 49%
[18:39:09] [Render thread/INFO] (Minecraft) Preparing spawn area: 50%
[18:39:10] [Render thread/INFO] (Minecraft) Preparing spawn area: 51%
[18:39:10] [Render thread/INFO] (Minecraft) Preparing spawn area: 51%
[18:39:11] [Render thread/INFO] (Minecraft) Preparing spawn area: 52%
[18:39:11] [Render thread/INFO] (Minecraft) Preparing spawn area: 52%
[18:39:12] [Render thread/INFO] (Minecraft) Preparing spawn area: 52%
[18:39:12] [Render thread/INFO] (Minecraft) Preparing spawn area: 53%
[18:39:13] [Render thread/INFO] (Minecraft) Preparing spawn area: 54%
[18:39:13] [Render thread/INFO] (Minecraft) Preparing spawn area: 54%
[18:39:14] [Render thread/INFO] (Minecraft) Preparing spawn area: 55%
[18:39:14] [Render thread/INFO] (Minecraft) Preparing spawn area: 55%
[18:39:15] [Render thread/INFO] (Minecraft) Preparing spawn area: 56%
[18:39:15] [Render thread/INFO] (Minecraft) Preparing spawn area: 57%
[18:39:16] [Render thread/INFO] (Minecraft) Preparing spawn area: 57%
[18:39:16] [Render thread/INFO] (Minecraft) Preparing spawn area: 58%
[18:39:17] [Render thread/INFO] (Minecraft) Preparing spawn area: 59%
[18:39:17] [Render thread/INFO] (Minecraft) Preparing spawn area: 59%
[18:39:18] [Render thread/INFO] (Minecraft) Preparing spawn area: 60%
[18:39:18] [Render thread/INFO] (Minecraft) Preparing spawn area: 61%
[18:39:19] [Render thread/INFO] (Minecraft) Preparing spawn area: 62%
[18:39:19] [Render thread/INFO] (Minecraft) Preparing spawn area: 63%
[18:39:20] [Render thread/INFO] (Minecraft) Preparing spawn area: 64%
[18:39:20] [Render thread/INFO] (Minecraft) Preparing spawn area: 64%
[18:39:21] [Render thread/INFO] (Minecraft) Preparing spawn area: 65%
[18:39:21] [Render thread/INFO] (Minecraft) Preparing spawn area: 65%
[18:39:22] [Render thread/INFO] (Minecraft) Preparing spawn area: 65%
[18:39:22] [Render thread/INFO] (Minecraft) Preparing spawn area: 65%
[18:39:23] [Render thread/INFO] (Minecraft) Preparing spawn area: 66%
[18:39:23] [Render thread/INFO] (Minecraft) Preparing spawn area: 66%
[18:39:24] [Render thread/INFO] (Minecraft) Preparing spawn area: 67%
[18:39:24] [Render thread/INFO] (Minecraft) Preparing spawn area: 67%
[18:39:25] [Render thread/INFO] (Minecraft) Preparing spawn area: 68%
[18:39:25] [Render thread/INFO] (Minecraft) Preparing spawn area: 68%
[18:39:26] [Render thread/INFO] (Minecraft) Preparing spawn area: 68%
[18:39:26] [Render thread/INFO] (Minecraft) Preparing spawn area: 68%
[18:39:27] [Render thread/INFO] (Minecraft) Preparing spawn area: 68%
[18:39:27] [Render thread/INFO] (Minecraft) Preparing spawn area: 69%
[18:39:28] [Render thread/INFO] (Minecraft) Preparing spawn area: 70%
[18:39:28] [Render thread/INFO] (Minecraft) Preparing spawn area: 71%
[18:39:29] [Render thread/INFO] (Minecraft) Preparing spawn area: 72%
[18:39:29] [Render thread/INFO] (Minecraft) Preparing spawn area: 72%
[18:39:30] [Render thread/INFO] (Minecraft) Preparing spawn area: 73%
[18:39:30] [Render thread/INFO] (Minecraft) Preparing spawn area: 74%
[18:39:31] [Render thread/INFO] (Minecraft) Preparing spawn area: 75%
[18:39:35] [Render thread/INFO] (Minecraft) Preparing spawn area: 75%
[18:39:35] [Render thread/INFO] (Minecraft) Preparing spawn area: 75%
[18:39:35] [Render thread/INFO] (Minecraft) Preparing spawn area: 75%
[18:39:35] [Render thread/INFO] (Minecraft) Preparing spawn area: 75%
[18:39:35] [Render thread/INFO] (Minecraft) Preparing spawn area: 75%
[18:39:35] [Render thread/INFO] (Minecraft) Preparing spawn area: 75%
[18:39:35] [Render thread/INFO] (Minecraft) Preparing spawn area: 75%
[18:39:35] [Render thread/INFO] (Minecraft) Preparing spawn area: 75%
[18:39:35] [Render thread/INFO] (Minecraft) Preparing spawn area: 76%
[18:39:36] [Render thread/INFO] (Minecraft) Preparing spawn area: 76%
[18:39:36] [Render thread/INFO] (Minecraft) Preparing spawn area: 77%
[18:39:37] [Render thread/INFO] (Minecraft) Preparing spawn area: 77%
[18:39:37] [Render thread/INFO] (Minecraft) Preparing spawn area: 78%
[18:39:38] [Render thread/INFO] (Minecraft) Preparing spawn area: 79%
[18:39:38] [Render thread/INFO] (Minecraft) Preparing spawn area: 80%
[18:39:39] [Render thread/INFO] (Minecraft) Preparing spawn area: 80%
[18:39:39] [Render thread/INFO] (Minecraft) Preparing spawn area: 81%
[18:39:40] [Render thread/INFO] (Minecraft) Preparing spawn area: 82%
[18:39:40] [Render thread/INFO] (Minecraft) Preparing spawn area: 83%
[18:39:41] [Render thread/INFO] (Minecraft) Preparing spawn area: 83%
[18:39:41] [Render thread/INFO] (Minecraft) Preparing spawn area: 83%
[18:39:42] [Render thread/INFO] (Minecraft) Preparing spawn area: 84%
[18:39:42] [Render thread/INFO] (Minecraft) Preparing spawn area: 85%
[18:39:43] [Render thread/INFO] (Minecraft) Preparing spawn area: 86%
[18:39:43] [Render thread/INFO] (Minecraft) Preparing spawn area: 86%
[18:39:44] [Render thread/INFO] (Minecraft) Preparing spawn area: 87%
[18:39:44] [Render thread/INFO] (Minecraft) Preparing spawn area: 88%
[18:39:45] [Render thread/INFO] (Minecraft) Preparing spawn area: 88%
[18:39:45] [Render thread/INFO] (Minecraft) Preparing spawn area: 88%
[18:39:46] [Render thread/INFO] (Minecraft) Preparing spawn area: 89%
[18:39:46] [Render thread/INFO] (Minecraft) Preparing spawn area: 89%
[18:39:47] [Render thread/INFO] (Minecraft) Preparing spawn area: 90%
[18:39:47] [Render thread/INFO] (Minecraft) Preparing spawn area: 91%
[18:39:48] [Render thread/INFO] (Minecraft) Preparing spawn area: 91%
[18:39:48] [Render thread/INFO] (Minecraft) Preparing spawn area: 92%
[18:39:49] [Render thread/INFO] (Minecraft) Preparing spawn area: 92%
[18:39:49] [Render thread/INFO] (Minecraft) Preparing spawn area: 93%
[18:39:50] [Render thread/INFO] (Minecraft) Preparing spawn area: 94%
[18:39:50] [Render thread/INFO] (Minecraft) Preparing spawn area: 95%
[18:39:51] [Render thread/INFO] (Minecraft) Preparing spawn area: 96%
[18:39:51] [Render thread/INFO] (Minecraft) Preparing spawn area: 96%
[18:39:52] [Render thread/INFO] (Minecraft) Preparing spawn area: 97%
[18:39:52] [Render thread/INFO] (Minecraft) Preparing spawn area: 98%
[18:39:53] [Render thread/INFO] (Minecraft) Preparing spawn area: 99%
[18:39:53] [Render thread/INFO] (Minecraft) Time elapsed: 118149 ms
[18:39:53] [Server thread/INFO] (Minecraft) Changing view distance to 12, from 10
[18:39:53] [Server thread/INFO] (Minecraft) Changing simulation distance to 12, from 0
[18:39:57] [Server thread/INFO] (Minecraft) Player921[local:E:3b3362e3] logged in with entity id 153 at (-108.5, 69.0, -149.5)
[18:39:58] [Server thread/INFO] (Minecraft) Player921 joined the game
[18:39:59] [Server thread/WARN] (Minecraft) Can't keep up! Is the server overloaded? Running 3077ms or 61 ticks behind
[18:40:01] [Render thread/INFO] (Minecraft) Loaded 2 advancements
[18:40:27] [Server thread/WARN] (Minecraft) Can't keep up! Is the server overloaded? Running 13902ms or 278 ticks behind
[18:41:28] [Server thread/INFO] (Minecraft) [Player921: Set own game mode to Creative Mode]
[18:41:28] [Render thread/INFO] (Minecraft) [System] [CHAT] Set own game mode to Creative Mode
[18:42:07] [Server thread/WARN] (Minecraft) Can't keep up! Is the server overloaded? Running 2008ms or 40 ticks behind
[18:42:29] [Server thread/WARN] (Minecraft) Can't keep up! Is the server overloaded? Running 6781ms or 135 ticks behind
[18:42:54] [Server thread/WARN] (Minecraft) Can't keep up! Is the server overloaded? Running 2018ms or 40 ticks behind
[18:43:13] [Server thread/WARN] (Minecraft) Can't keep up! Is the server overloaded? Running 4287ms or 85 ticks behind
[18:57:05] [Server thread/INFO] (Minecraft) Saving and pausing game...
[18:57:06] [Server thread/INFO] (Minecraft) Saving chunks for level 'ServerLevel[New World]'/minecraft:overworld
[18:57:06] [Server thread/INFO] (Minecraft) Saving chunks for level 'ServerLevel[New World]'/minecraft:the_nether
[18:57:06] [Server thread/INFO] (Minecraft) Saving chunks for level 'ServerLevel[New World]'/minecraft:the_end
[18:57:23] [Server thread/INFO] (Minecraft) [Player921: Set the time to 1000]
[18:57:23] [Render thread/INFO] (Minecraft) [System] [CHAT] Set the time to 1000
[18:57:32] [Server thread/INFO] (Minecraft) [Player921: Gamerule doDaylightCycle is now set to: false]
[18:57:32] [Render thread/INFO] (Minecraft) [System] [CHAT] Gamerule doDaylightCycle is now set to: false
[18:57:36] [Render thread/INFO] (Minecraft) [System] [CHAT] [Debug]: Key bindings:
[18:57:36] [Render thread/INFO] (Minecraft) [System] [CHAT] F3 + A = Reload chunks
[18:57:36] [Render thread/INFO] (Minecraft) [System] [CHAT] F3 + B = Show hitboxes
[18:57:36] [Render thread/INFO] (Minecraft) [System] [CHAT] F3 + C = Copy location as /tp command, hold F3 + C to crash the game
[18:57:36] [Render thread/INFO] (Minecraft) [System] [CHAT] F3 + D = Clear chat
[18:57:36] [Render thread/INFO] (Minecraft) [System] [CHAT] F3 + G = Show chunk boundaries
[18:57:36] [Render thread/INFO] (Minecraft) [System] [CHAT] F3 + H = Advanced tooltips
[18:57:36] [Render thread/INFO] (Minecraft) [System] [CHAT] F3 + I = Copy entity or block data to clipboard
[18:57:36] [Render thread/INFO] (Minecraft) [System] [CHAT] F3 + L = Start/stop profiling
[18:57:36] [Render thread/INFO] (Minecraft) [System] [CHAT] F3 + N = Cycle previous gamemode <-> spectator
[18:57:36] [Render thread/INFO] (Minecraft) [System] [CHAT] F3 + P = Pause on lost focus
[18:57:36] [Render thread/INFO] (Minecraft) [System] [CHAT] F3 + Q = Show this list
[18:57:36] [Render thread/INFO] (Minecraft) [System] [CHAT] F3 + S = Dump dynamic textures
[18:57:36] [Render thread/INFO] (Minecraft) [System] [CHAT] F3 + T = Reload resource packs
[18:57:36] [Render thread/INFO] (Minecraft) [System] [CHAT] F3 + Esc = Pause without pause menu (if pausing is possible)
[18:57:36] [Render thread/INFO] (Minecraft) [System] [CHAT] F3 + F4 = Open game mode switcher
[18:57:39] [Render thread/INFO] (Minecraft) [System] [CHAT] [Debug]: Reloaded resource packs
[18:57:39] [Render thread/INFO] (Minecraft) Reloading ResourceManager: vanilla, fabric (fabric-api-lookup-api-v1, fabric-networking-api-v1, fabric-client-tags-api-v1, fabric-models-v0, fabric-object-builder-api-v1, fabric-gametest-api-v1, fabric-resource-loader-v0, fabric-recipe-api-v1, fabric-crash-report-info-v1, fabric-transfer-api-v1, fabric-data-generation-api-v1, fabric-transitive-access-wideners-v1, fabric-block-api-v1, fabric-blockrenderlayer-v1, fabric-events-interaction-v0, fabric-item-group-api-v1, fabric-mining-level-api-v1, fabric-lifecycle-events-v1, fabric-rendering-v1, fabric-particles-v1, fabric-renderer-indigo, fabric-game-rule-api-v1, fabric-api, fabric-rendering-fluids-v1, fabric-entity-events-v1, fabric-content-registries-v0, fabricloader, fabric-biome-api-v1, fabric-rendering-data-attachment-v1, fabric-command-api-v2, fabric-message-api-v1, fabric-dimensions-v1, fabric-convention-tags-v1, fabric-api-base, fabric-resource-conditions-api-v1, fabric-loot-api-v2, fabric-screen-handler-api-v1, fabric-renderer-api-v1, fabric-item-api-v1, fabric-key-binding-api-v1, fabric-screen-api-v1, fabric-registry-sync-v0, fabric-sound-api-v1)
[18:57:39] [Server thread/INFO] (Minecraft) Saving and pausing game...
[18:57:40] [Server thread/INFO] (Minecraft) Saving chunks for level 'ServerLevel[New World]'/minecraft:overworld
[18:57:40] [Server thread/INFO] (Minecraft) Saving chunks for level 'ServerLevel[New World]'/minecraft:the_nether
[18:57:40] [Server thread/INFO] (Minecraft) Saving chunks for level 'ServerLevel[New World]'/minecraft:the_end
[18:57:42] [Worker-Main-1/WARN] (Minecraft) Unable to load model: 'dragons:dragon_scales#inventory' referenced from: dragons:dragon_scales#inventory: java.io.FileNotFoundException: dragons:models/item/dragon_scales.json
[18:57:45] [Render thread/WARN] (Minecraft) Missing sound for event: minecraft:item.brush.brushing
[18:57:45] [Render thread/WARN] (Minecraft) Missing sound for event: minecraft:item.brush.brush_sand_completed
[18:57:45] [Render thread/WARN] (Minecraft) Missing sound for event: minecraft:item.goat_horn.play
[18:57:45] [Render thread/WARN] (Minecraft) Missing sound for event: minecraft:entity.goat.screaming.horn_break
[18:57:45] [Render thread/WARN] (Minecraft) Missing sound for event: minecraft:music.overworld.cherry_grove
[18:57:46] [Render thread/INFO] (Minecraft) OpenAL initialized on device OpenAL Soft on Speakers (Realtek High Definition Audio)
[18:57:46] [Render thread/INFO] (Minecraft) Sound engine started
[18:57:46] [Render thread/INFO] (Minecraft) Created: 1024x512x4 minecraft:textures/atlas/blocks.png-atlas
[18:57:46] [Render thread/INFO] (Minecraft) Created: 256x256x4 minecraft:textures/atlas/signs.png-atlas
[18:57:46] [Render thread/INFO] (Minecraft) Created: 512x512x4 minecraft:textures/atlas/shield_patterns.png-atlas
[18:57:46] [Render thread/INFO] (Minecraft) Created: 512x512x4 minecraft:textures/atlas/banner_patterns.png-atlas
[18:57:46] [Render thread/INFO] (Minecraft) Created: 1024x1024x4 minecraft:textures/atlas/armor_trims.png-atlas
[18:57:46] [Render thread/INFO] (Minecraft) Created: 64x64x4 minecraft:textures/atlas/decorated_pot.png-atlas
[18:57:46] [Render thread/INFO] (Minecraft) Created: 256x256x4 minecraft:textures/atlas/chest.png-atlas
[18:57:46] [Render thread/INFO] (Minecraft) Created: 512x256x4 minecraft:textures/atlas/beds.png-atlas
[18:57:46] [Render thread/INFO] (Minecraft) Created: 512x256x4 minecraft:textures/atlas/shulker_boxes.png-atlas
[18:57:47] [Render thread/WARN] (Minecraft) Shader rendertype_entity_translucent_emissive could not find sampler named Sampler2 in the specified shader program.
[18:57:48] [Render thread/INFO] (Minecraft) Created: 256x256x0 minecraft:textures/atlas/particles.png-atlas
[18:57:48] [Render thread/INFO] (Minecraft) Created: 256x256x0 minecraft:textures/atlas/paintings.png-atlas
[18:57:48] [Render thread/INFO] (Minecraft) Created: 128x128x0 minecraft:textures/atlas/mob_effects.png-atlas
[18:57:56] [Server thread/INFO] (Minecraft) Saving and pausing game...
[18:57:56] [Server thread/INFO] (Minecraft) Saving chunks for level 'ServerLevel[New World]'/minecraft:overworld
[18:57:56] [Server thread/INFO] (Minecraft) Saving chunks for level 'ServerLevel[New World]'/minecraft:the_nether
[18:57:56] [Server thread/INFO] (Minecraft) Saving chunks for level 'ServerLevel[New World]'/minecraft:the_end
[18:58:15] [Render thread/WARN] (Minecraft) Something's taking too long! 'root.tick' took aprox 246.192849 ms
[18:58:16] [Render thread/WARN] (Minecraft) Something's taking too long! 'root.gameRenderer.gui.debug' took aprox 501.831046 ms
[18:58:16] [Render thread/WARN] (Minecraft) Something's taking too long! 'root.gameRenderer.gui' took aprox 506.001533 ms
[18:58:16] [Render thread/WARN] (Minecraft) Something's taking too long! 'root.gameRenderer' took aprox 568.11134 ms
[18:58:16] [Render thread/WARN] (Minecraft) Something's taking too long! 'root' took aprox 1054.843787 ms
[18:58:16] [Render thread/WARN] (Minecraft) Something's taking too long! 'root.tick' took aprox 244.938623 ms
[18:58:17] [Render thread/WARN] (Minecraft) Something's taking too long! 'root.gameRenderer.level.translucent.render_RenderType[translucent:CompositeState[[texture[Optional[minecraft:textures/atlas/blocks.png](blur=false, mipmap=true)], shader[Optional[net.minecraft.client.render.RenderPhase$$Lambda$3518/0x0000000801536518@4c9232cf]], translucent_transparency, depth_test[<=], cull[true], lightmap[true], overlay[false], no_layering, translucent_target, default_texturing, write_mask_state[writeColor=true, writeDepth=true], line_width[1.0]], outlineProperty=affects_outline]]' took aprox 225.659272 ms
[18:58:17] [Render thread/WARN] (Minecraft) Something's taking too long! 'root.gameRenderer.level.translucent' took aprox 226.30657 ms
[18:58:17] [Render thread/WARN] (Minecraft) Something's taking too long! 'root.gameRenderer.level' took aprox 305.209859 ms
[18:58:17] [Render thread/WARN] (Minecraft) Something's taking too long! 'root.gameRenderer' took aprox 327.956291 ms
[18:58:17] [Render thread/WARN] (Minecraft) Something's taking too long! 'root.yield' took aprox 354.004899 ms
[18:58:17] [Render thread/WARN] (Minecraft) Something's taking too long! 'root' took aprox 974.493315 ms
[18:58:17] [Render thread/WARN] (Minecraft) Something's taking too long! 'root.tick' took aprox 309.959219 ms
[18:58:18] [Render thread/WARN] (Minecraft) Something's taking too long! 'root.yield' took aprox 525.058504 ms
[18:58:18] [Render thread/WARN] (Minecraft) Something's taking too long! 'root' took aprox 1005.642987 ms
[18:58:18] [Render thread/WARN] (Minecraft) Something's taking too long! 'root.tick' took aprox 148.016367 ms
[18:58:18] [Render thread/WARN] (Minecraft) Something's taking too long! 'root.gameRenderer.level.compilechunks.upload' took aprox 122.744379 ms
[18:58:18] [Render thread/WARN] (Minecraft) Something's taking too long! 'root.gameRenderer.level.compilechunks' took aprox 123.654428 ms
[18:58:18] [Render thread/WARN] (Minecraft) Something's taking too long! 'root.gameRenderer.level' took aprox 185.486431 ms
[18:58:18] [Render thread/WARN] (Minecraft) Something's taking too long! 'root.gameRenderer' took aprox 210.892532 ms
[18:58:19] [Render thread/WARN] (Minecraft) Something's taking too long! 'root' took aprox 536.102254 ms
[18:58:19] [Render thread/WARN] (Minecraft) Something's taking too long! 'root.tick.textures' took aprox 224.21551 ms
[18:58:19] [Render thread/WARN] (Minecraft) Something's taking too long! 'root.tick' took aprox 369.799379 ms
[18:58:19] [Render thread/WARN] (Minecraft) Something's taking too long! 'root' took aprox 485.626702 ms
[18:58:19] [Render thread/WARN] (Minecraft) Something's taking too long! 'root.tick' took aprox 185.340002 ms
[18:58:19] [Render thread/WARN] (Minecraft) Something's taking too long! 'root.gameRenderer' took aprox 121.943126 ms
[18:58:20] [Render thread/WARN] (Minecraft) Something's taking too long! 'root.yield' took aprox 130.943714 ms
[18:58:20] [Render thread/WARN] (Minecraft) Something's taking too long! 'root' took aprox 468.931069 ms
[18:58:20] [Render thread/WARN] (Minecraft) Something's taking too long! 'root.tick' took aprox 142.257742 ms
[18:58:20] [Render thread/WARN] (Minecraft) Something's taking too long! 'root' took aprox 313.340085 ms
[18:58:20] [Render thread/WARN] (Minecraft) Something's taking too long! 'root' took aprox 159.457666 ms
[18:58:20] [Render thread/WARN] (Minecraft) Something's taking too long! 'root.gameRenderer' took aprox 107.991324 ms
[18:58:20] [Render thread/WARN] (Minecraft) Something's taking too long! 'root' took aprox 293.293008 ms
[18:58:20] [Render thread/WARN] (Minecraft) Something's taking too long! 'root' took aprox 134.403268 ms
[18:58:21] [Render thread/WARN] (Minecraft) Something's taking too long! 'root' took aprox 117.271085 ms
[18:58:21] [Render thread/WARN] (Minecraft) Something's taking too long! 'root' took aprox 130.106879 ms
[18:58:21] [Render thread/WARN] (Minecraft) Something's taking too long! 'root' took aprox 103.543032 ms
[18:58:21] [Render thread/WARN] (Minecraft) Something's taking too long! 'root' took aprox 112.484091 ms
[18:58:21] [Render thread/WARN] (Minecraft) Something's taking too long! 'root.tick' took aprox 115.500937 ms
[18:58:21] [Render thread/WARN] (Minecraft) Something's taking too long! 'root' took aprox 183.693019 ms
[18:58:22] [Render thread/WARN] (Minecraft) Something's taking too long! 'root' took aprox 108.772049 ms
[18:58:23] [Render thread/WARN] (Minecraft) Something's taking too long! 'root' took aprox 140.276162 ms
[18:58:24] [Render thread/WARN] (Minecraft) Something's taking too long! 'root.gameRenderer.level' took aprox 107.027219 ms
[18:58:24] [Render thread/WARN] (Minecraft) Something's taking too long! 'root.gameRenderer' took aprox 122.998919 ms
[18:58:24] [Render thread/WARN] (Minecraft) Something's taking too long! 'root' took aprox 177.243304 ms
[18:58:24] [Render thread/WARN] (Minecraft) Something's taking too long! 'root' took aprox 165.174552 ms
[18:58:24] [Render thread/WARN] (Minecraft) Something's taking too long! 'root' took aprox 189.039728 ms
[18:58:24] [Render thread/WARN] (Minecraft) Something's taking too long! 'root' took aprox 144.723085 ms
[18:58:24] [Render thread/WARN] (Minecraft) Something's taking too long! 'root' took aprox 152.15401 ms
[18:58:25] [Render thread/WARN] (Minecraft) Something's taking too long! 'root' took aprox 112.651732 ms
[18:58:25] [Render thread/WARN] (Minecraft) Something's taking too long! 'root' took aprox 112.826899 ms
[18:58:25] [Render thread/WARN] (Minecraft) Something's taking too long! 'root' took aprox 110.154229 ms
[18:58:25] [Render thread/WARN] (Minecraft) Something's taking too long! 'root' took aprox 138.315794 ms
[18:58:25] [Render thread/WARN] (Minecraft) Something's taking too long! 'root' took aprox 112.356822 ms
[18:58:25] [Render thread/WARN] (Minecraft) Something's taking too long! 'root' took aprox 123.752959 ms
[18:58:25] [Render thread/WARN] (Minecraft) Something's taking too long! 'root' took aprox 124.718432 ms
[18:58:26] [Render thread/WARN] (Minecraft) Something's taking too long! 'root' took aprox 147.168585 ms
[18:58:26] [Render thread/WARN] (Minecraft) Something's taking too long! 'root' took aprox 118.933806 ms
[18:58:26] [Render thread/WARN] (Minecraft) Something's taking too long! 'root' took aprox 119.623527 ms
[18:58:26] [Render thread/WARN] (Minecraft) Something's taking too long! 'root' took aprox 116.694265 ms
[18:58:26] [Render thread/WARN] (Minecraft) Something's taking too long! 'root' took aprox 132.731652 ms
[18:58:26] [Render thread/WARN] (Minecraft) Something's taking too long! 'root' took aprox 137.970249 ms
[18:58:27] [Render thread/WARN] (Minecraft) Something's taking too long! 'root' took aprox 100.629507 ms
[18:58:27] [Render thread/WARN] (Minecraft) Something's taking too long! 'root' took aprox 100.934682 ms
[18:58:27] [Render thread/WARN] (Minecraft) Something's taking too long! 'root' took aprox 100.741724 ms
[18:58:27] [Render thread/WARN] (Minecraft) Something's taking too long! 'root' took aprox 132.952664 ms
[18:58:27] [Render thread/WARN] (Minecraft) Something's taking too long! 'root' took aprox 100.253171 ms
[18:58:27] [Render thread/WARN] (Minecraft) Something's taking too long! 'root' took aprox 100.442024 ms
[18:58:28] [Render thread/WARN] (Minecraft) Something's taking too long! 'root' took aprox 116.816744 ms
[18:58:28] [Render thread/WARN] (Minecraft) Something's taking too long! 'root' took aprox 117.094549 ms
[18:58:28] [Render thread/WARN] (Minecraft) Something's taking too long! 'root' took aprox 115.034281 ms
[18:58:28] [Render thread/WARN] (Minecraft) Something's taking too long! 'root' took aprox 117.285454 ms
[18:58:28] [Render thread/WARN] (Minecraft) Something's taking too long! 'root' took aprox 107.311866 ms
[18:58:29] [Render thread/WARN] (Minecraft) Something's taking too long! 'root' took aprox 116.467095 ms
[18:58:29] [Render thread/WARN] (Minecraft) Something's taking too long! 'root' took aprox 123.760486 ms
[18:58:29] [Render thread/WARN] (Minecraft) Something's taking too long! 'root' took aprox 111.383822 ms
[18:58:29] [Render thread/WARN] (Minecraft) Something's taking too long! 'root' took aprox 100.747198 ms
[18:58:30] [Render thread/WARN] (Minecraft) Something's taking too long! 'root' took aprox 113.998331 ms
[18:58:30] [Render thread/WARN] (Minecraft) Something's taking too long! 'root' took aprox 144.98652 ms
[18:58:30] [Render thread/WARN] (Minecraft) Something's taking too long! 'root' took aprox 139.210789 ms
[18:58:30] [Render thread/WARN] (Minecraft) Something's taking too long! 'root' took aprox 116.306296 ms
[18:58:30] [Render thread/WARN] (Minecraft) Something's taking too long! 'root' took aprox 151.571031 ms
[18:58:30] [Render thread/WARN] (Minecraft) Something's taking too long! 'root' took aprox 154.789047 ms
[18:58:30] [Render thread/WARN] (Minecraft) Something's taking too long! 'root' took aprox 104.95874 ms
[18:58:31] [Render thread/WARN] (Minecraft) Something's taking too long! 'root' took aprox 120.702585 ms
[18:58:31] [Render thread/WARN] (Minecraft) Something's taking too long! 'root' took aprox 100.054056 ms
[18:58:31] [Render thread/WARN] (Minecraft) Something's taking too long! 'root' took aprox 120.560946 ms
[18:58:31] [Render thread/WARN] (Minecraft) Something's taking too long! 'root' took aprox 106.237598 ms
[18:58:31] [Render thread/WARN] (Minecraft) Something's taking too long! 'root' took aprox 165.260767 ms
[18:58:31] [Render thread/WARN] (Minecraft) Something's taking too long! 'root' took aprox 106.3635 ms
[18:58:31] [Render thread/WARN] (Minecraft) Something's taking too long! 'root' took aprox 102.943632 ms
[18:58:32] [Render thread/WARN] (Minecraft) Something's taking too long! 'root' took aprox 128.260096 ms
[18:58:32] [Render thread/WARN] (Minecraft) Something's taking too long! 'root' took aprox 145.596185 ms
[18:58:32] [Render thread/WARN] (Minecraft) Something's taking too long! 'root' took aprox 115.304558 ms
[18:58:32] [Render thread/WARN] (Minecraft) Something's taking too long! 'root' took aprox 124.462524 ms
[18:58:32] [Render thread/WARN] (Minecraft) Something's taking too long! 'root' took aprox 133.88803 ms
[18:58:32] [Render thread/WARN] (Minecraft) Something's taking too long! 'root.gameRenderer.level.compilechunks.upload' took aprox 116.592996 ms
[18:58:32] [Render thread/WARN] (Minecraft) Something's taking too long! 'root.gameRenderer.level.compilechunks' took aprox 118.298141 ms
[18:58:32] [Render thread/WARN] (Minecraft) Something's taking too long! 'root.gameRenderer.level' took aprox 140.009306 ms
[18:58:32] [Render thread/WARN] (Minecraft) Something's taking too long! 'root.gameRenderer' took aprox 159.687573 ms
[18:58:32] [Render thread/WARN] (Minecraft) Something's taking too long! 'root' took aprox 196.387175 ms
[18:58:33] [Render thread/WARN] (Minecraft) Something's taking too long! 'root.gameRenderer.level' took aprox 118.165396 ms
[18:58:33] [Render thread/WARN] (Minecraft) Something's taking too long! 'root.gameRenderer' took aprox 145.730297 ms
[18:58:33] [Render thread/WARN] (Minecraft) Something's taking too long! 'root' took aprox 182.914346 ms
[18:58:34] [Render thread/WARN] (Minecraft) Something's taking too long! 'root' took aprox 133.21952 ms
[18:58:35] [Render thread/WARN] (Minecraft) Something's taking too long! 'root' took aprox 133.107988 ms
[18:58:45] [Server thread/INFO] (Minecraft) Saving and pausing game...
[18:58:45] [Server thread/INFO] (Minecraft) Saving chunks for level 'ServerLevel[New World]'/minecraft:overworld
[18:58:45] [Server thread/INFO] (Minecraft) Saving chunks for level 'ServerLevel[New World]'/minecraft:the_nether
[18:58:45] [Server thread/INFO] (Minecraft) Saving chunks for level 'ServerLevel[New World]'/minecraft:the_end
[18:58:53] [Render thread/WARN] (Minecraft) Something's taking too long! 'root' took aprox 116.658684 ms
[18:58:54] [Server thread/INFO] (Minecraft) Saving and pausing game...
[18:58:54] [Server thread/INFO] (Minecraft) Saving chunks for level 'ServerLevel[New World]'/minecraft:overworld
[18:58:54] [Server thread/INFO] (Minecraft) Saving chunks for level 'ServerLevel[New World]'/minecraft:the_nether
[18:58:54] [Server thread/INFO] (Minecraft) Saving chunks for level 'ServerLevel[New World]'/minecraft:the_end
[18:59:02] [Render thread/WARN] (Minecraft) Something's taking too long! 'root' took aprox 101.730461 ms
[18:59:10] [Render thread/WARN] (Minecraft) Something's taking too long! 'root' took aprox 140.82835 ms
[18:59:11] [Render thread/WARN] (Minecraft) Something's taking too long! 'root' took aprox 101.748936 ms
[18:59:12] [Render thread/WARN] (Minecraft) Something's taking too long! 'root' took aprox 100.060213 ms
[18:59:12] [Render thread/WARN] (Minecraft) Something's taking too long! 'root.gameRenderer' took aprox 117.770586 ms
[18:59:12] [Render thread/WARN] (Minecraft) Something's taking too long! 'root' took aprox 166.595049 ms
[18:59:12] [Render thread/WARN] (Minecraft) Something's taking too long! 'root' took aprox 102.492028 ms
[18:59:12] [Render thread/WARN] (Minecraft) Something's taking too long! 'root' took aprox 151.529293 ms
[18:59:12] [Render thread/WARN] (Minecraft) Something's taking too long! 'root' took aprox 113.496093 ms
[18:59:13] [Render thread/WARN] (Minecraft) Something's taking too long! 'root' took aprox 125.51558 ms
[18:59:13] [Render thread/WARN] (Minecraft) Something's taking too long! 'root' took aprox 114.310347 ms
[18:59:13] [Render thread/WARN] (Minecraft) Something's taking too long! 'root' took aprox 148.057422 ms
[18:59:13] [Render thread/WARN] (Minecraft) Something's taking too long! 'root' took aprox 264.114653 ms
[18:59:13] [Render thread/WARN] (Minecraft) Something's taking too long! 'root' took aprox 170.228402 ms
[18:59:14] [Render thread/WARN] (Minecraft) Something's taking too long! 'root' took aprox 154.899211 ms
[18:59:14] [Render thread/WARN] (Minecraft) Something's taking too long! 'root' took aprox 119.304668 ms
[18:59:14] [Render thread/WARN] (Minecraft) Something's taking too long! 'root' took aprox 142.319325 ms
[18:59:14] [Render thread/WARN] (Minecraft) Something's taking too long! 'root' took aprox 111.98459 ms
[18:59:14] [Render thread/WARN] (Minecraft) Something's taking too long! 'root.gameRenderer.level.compilechunks.upload' took aprox 107.46719 ms
[18:59:14] [Render thread/WARN] (Minecraft) Something's taking too long! 'root.gameRenderer.level.compilechunks' took aprox 109.811421 ms
[18:59:14] [Render thread/WARN] (Minecraft) Something's taking too long! 'root.gameRenderer.level' took aprox 130.562588 ms
[18:59:14] [Render thread/WARN] (Minecraft) Something's taking too long! 'root.gameRenderer' took aprox 174.694483 ms
[18:59:14] [Render thread/WARN] (Minecraft) Something's taking too long! 'root' took aprox 277.483476 ms
[18:59:14] [Render thread/WARN] (Minecraft) Something's taking too long! 'root' took aprox 115.810218 ms
[18:59:15] [Render thread/WARN] (Minecraft) Something's taking too long! 'root' took aprox 166.18929 ms
[18:59:15] [Render thread/WARN] (Minecraft) Something's taking too long! 'root' took aprox 111.348925 ms
[18:59:15] [Render thread/WARN] (Minecraft) Something's taking too long! 'root' took aprox 109.156597 ms
[18:59:15] [Render thread/WARN] (Minecraft) Something's taking too long! 'root.gameRenderer.level' took aprox 124.929865 ms
[18:59:15] [Render thread/WARN] (Minecraft) Something's taking too long! 'root.gameRenderer' took aprox 140.555335 ms
[18:59:15] [Render thread/WARN] (Minecraft) Something's taking too long! 'root' took aprox 234.030354 ms
[18:59:15] [Render thread/WARN] (Minecraft) Something's taking too long! 'root.gameRenderer.level' took aprox 116.515676 ms
[18:59:16] [Render thread/WARN] (Minecraft) Something's taking too long! 'root.gameRenderer' took aprox 131.311154 ms
[18:59:16] [Render thread/WARN] (Minecraft) Something's taking too long! 'root' took aprox 214.635365 ms
[18:59:16] [Render thread/WARN] (Minecraft) Something's taking too long! 'root' took aprox 158.619462 ms
[18:59:16] [Render thread/WARN] (Minecraft) Something's taking too long! 'root' took aprox 148.788882 ms
[18:59:16] [Render thread/WARN] (Minecraft) Something's taking too long! 'root' took aprox 115.737003 ms
[18:59:16] [Render thread/WARN] (Minecraft) Something's taking too long! 'root.gameRenderer.level' took aprox 115.778058 ms
[18:59:16] [Render thread/WARN] (Minecraft) Something's taking too long! 'root.gameRenderer' took aprox 130.724071 ms
[18:59:16] [Render thread/WARN] (Minecraft) Something's taking too long! 'root' took aprox 181.861289 ms
[18:59:16] [Render thread/WARN] (Minecraft) Something's taking too long! 'root' took aprox 115.251871 ms
[18:59:17] [Render thread/WARN] (Minecraft) Something's taking too long! 'root' took aprox 117.364143 ms
[18:59:17] [Render thread/WARN] (Minecraft) Something's taking too long! 'root' took aprox 117.000123 ms
[18:59:17] [Render thread/WARN] (Minecraft) Something's taking too long! 'root' took aprox 132.204782 ms
[18:59:17] [Render thread/WARN] (Minecraft) Something's taking too long! 'root' took aprox 196.687559 ms
[18:59:17] [Render thread/WARN] (Minecraft) Something's taking too long! 'root' took aprox 138.005146 ms
[18:59:17] [Render thread/WARN] (Minecraft) Something's taking too long! 'root.gameRenderer' took aprox 122.021813 ms
[18:59:18] [Render thread/WARN] (Minecraft) Something's taking too long! 'root' took aprox 198.238747 ms
[18:59:18] [Render thread/WARN] (Minecraft) Something's taking too long! 'root' took aprox 115.353824 ms
[18:59:18] [Render thread/WARN] (Minecraft) Something's taking too long! 'root' took aprox 115.641208 ms
[18:59:18] [Render thread/WARN] (Minecraft) Something's taking too long! 'root' took aprox 102.782149 ms
[18:59:18] [Render thread/WARN] (Minecraft) Something's taking too long! 'root' took aprox 159.456297 ms
[18:59:18] [Render thread/WARN] (Minecraft) Something's taking too long! 'root.gameRenderer.level' took aprox 131.161989 ms
[18:59:18] [Render thread/WARN] (Minecraft) Something's taking too long! 'root.gameRenderer' took aprox 147.179532 ms
[18:59:18] [Render thread/WARN] (Minecraft) Something's taking too long! 'root' took aprox 187.498118 ms
[18:59:18] [Render thread/WARN] (Minecraft) Something's taking too long! 'root' took aprox 101.54503 ms
[18:59:19] [Render thread/WARN] (Minecraft) Something's taking too long! 'root' took aprox 166.195448 ms
[18:59:19] [Render thread/WARN] (Minecraft) Something's taking too long! 'root.gameRenderer' took aprox 114.908379 ms
[18:59:19] [Render thread/WARN] (Minecraft) Something's taking too long! 'root' took aprox 197.978733 ms
[18:59:19] [Render thread/WARN] (Minecraft) Something's taking too long! 'root' took aprox 170.75322 ms
[18:59:19] [Render thread/WARN] (Minecraft) Something's taking too long! 'root' took aprox 163.695208 ms
[18:59:20] [Render thread/WARN] (Minecraft) Something's taking too long! 'root.gameRenderer.level' took aprox 106.873263 ms
[18:59:20] [Render thread/WARN] (Minecraft) Something's taking too long! 'root.gameRenderer' took aprox 144.091525 ms
[18:59:20] [Render thread/WARN] (Minecraft) Something's taking too long! 'root' took aprox 184.761814 ms
[18:59:20] [Render thread/WARN] (Minecraft) Something's taking too long! 'root.tick' took aprox 130.305996 ms
[18:59:20] [Render thread/WARN] (Minecraft) Something's taking too long! 'root.gameRenderer' took aprox 104.408605 ms
[18:59:20] [Render thread/WARN] (Minecraft) Something's taking too long! 'root' took aprox 291.349746 ms
[18:59:20] [Render thread/WARN] (Minecraft) Something's taking too long! 'root.tick.textures' took aprox 109.870267 ms
[18:59:20] [Render thread/WARN] (Minecraft) Something's taking too long! 'root.tick' took aprox 256.0768 ms
[18:59:20] [Render thread/WARN] (Minecraft) Something's taking too long! 'root' took aprox 370.513049 ms
[18:59:20] [Render thread/WARN] (Minecraft) Something's taking too long! 'root' took aprox 149.525817 ms
[18:59:21] [Render thread/WARN] (Minecraft) Something's taking too long! 'root' took aprox 116.631998 ms
[18:59:21] [Render thread/WARN] (Minecraft) Something's taking too long! 'root' took aprox 100.392758 ms
[18:59:21] [Render thread/WARN] (Minecraft) Something's taking too long! 'root' took aprox 100.359914 ms
[18:59:21] [Render thread/WARN] (Minecraft) Something's taking too long! 'root' took aprox 134.553118 ms
[18:59:21] [Render thread/WARN] (Minecraft) Something's taking too long! 'root' took aprox 115.942277 ms
[18:59:21] [Render thread/WARN] (Minecraft) Something's taking too long! 'root' took aprox 116.18929 ms
[18:59:22] [Render thread/WARN] (Minecraft) Something's taking too long! 'root' took aprox 117.258085 ms
[18:59:22] [Render thread/WARN] (Minecraft) Something's taking too long! 'root' took aprox 114.228237 ms
[18:59:22] [Server thread/INFO] (Minecraft) Saving and pausing game...
[18:59:22] [Server thread/INFO] (Minecraft) Saving chunks for level 'ServerLevel[New World]'/minecraft:overworld
[18:59:22] [Server thread/INFO] (Minecraft) Saving chunks for level 'ServerLevel[New World]'/minecraft:the_nether
[18:59:22] [Server thread/INFO] (Minecraft) Saving chunks for level 'ServerLevel[New World]'/minecraft:the_end
[18:59:22] [Render thread/WARN] (Minecraft) Something's taking too long! 'root' took aprox 120.509628 ms
[18:59:22] [Render thread/WARN] (Minecraft) Something's taking too long! 'root.gameRenderer' took aprox 123.386887 ms
[18:59:22] [Render thread/WARN] (Minecraft) Something's taking too long! 'root' took aprox 154.304599 ms
[18:59:22] [Render thread/WARN] (Minecraft) Something's taking too long! 'root.gameRenderer' took aprox 133.805236 ms
[18:59:23] [Render thread/WARN] (Minecraft) Something's taking too long! 'root.updateDisplay' took aprox 174.643165 ms
[18:59:23] [Render thread/WARN] (Minecraft) Something's taking too long! 'root' took aprox 395.05563 ms
[18:59:23] [Render thread/WARN] (Minecraft) Something's taking too long! 'root' took aprox 186.958248 ms
[18:59:23] [Render thread/WARN] (Minecraft) Something's taking too long! 'root.yield' took aprox 147.452547 ms
[18:59:23] [Render thread/WARN] (Minecraft) Something's taking too long! 'root' took aprox 412.354084 ms
[18:59:23] [Render thread/WARN] (Minecraft) Something's taking too long! 'root.tick' took aprox 137.548752 ms
[18:59:23] [Render thread/WARN] (Minecraft) Something's taking too long! 'root' took aprox 257.661517 ms
[18:59:24] [Render thread/WARN] (Minecraft) Something's taking too long! 'root' took aprox 109.555513 ms
[18:59:24] [Render thread/WARN] (Minecraft) Something's taking too long! 'root' took aprox 100.19501 ms
[18:59:24] [Render thread/WARN] (Minecraft) Something's taking too long! 'root' took aprox 122.774485 ms
[18:59:24] [Render thread/WARN] (Minecraft) Something's taking too long! 'root' took aprox 122.639005 ms
[18:59:24] [Render thread/WARN] (Minecraft) Something's taking too long! 'root' took aprox 127.299413 ms
[18:59:24] [Render thread/WARN] (Minecraft) Something's taking too long! 'root.gameRenderer' took aprox 130.854077 ms
[18:59:24] [Render thread/WARN] (Minecraft) Something's taking too long! 'root' took aprox 153.688777 ms
[18:59:25] [Render thread/WARN] (Minecraft) Something's taking too long! 'root.gameRenderer.level' took aprox 157.527404 ms
[18:59:25] [Render thread/WARN] (Minecraft) Something's taking too long! 'root.gameRenderer.gui.debug' took aprox 110.908954 ms
[18:59:25] [Render thread/WARN] (Minecraft) Something's taking too long! 'root.gameRenderer.gui' took aprox 114.994595 ms
[18:59:25] [Render thread/WARN] (Minecraft) Something's taking too long! 'root.gameRenderer' took aprox 297.606503 ms
[18:59:25] [Render thread/WARN] (Minecraft) Something's taking too long! 'root' took aprox 335.37011 ms
[18:59:25] [Render thread/WARN] (Minecraft) Something's taking too long! 'root' took aprox 115.799954 ms
[18:59:25] [Render thread/WARN] (Minecraft) Something's taking too long! 'root' took aprox 101.055109 ms
[18:59:25] [Render thread/WARN] (Minecraft) Something's taking too long! 'root' took aprox 154.58993 ms
[18:59:25] [Render thread/WARN] (Minecraft) Something's taking too long! 'root' took aprox 125.950077 ms
[18:59:25] [Render thread/WARN] (Minecraft) Something's taking too long! 'root' took aprox 140.540281 ms
[18:59:26] [Render thread/WARN] (Minecraft) Something's taking too long! 'root' took aprox 111.8669 ms
[18:59:26] [Render thread/WARN] (Minecraft) Something's taking too long! 'root' took aprox 117.372354 ms
[18:59:26] [Render thread/WARN] (Minecraft) Something's taking too long! 'root' took aprox 113.504988 ms
[18:59:26] [Render thread/WARN] (Minecraft) Something's taking too long! 'root' took aprox 116.062021 ms
[18:59:28] [Render thread/WARN] (Minecraft) Something's taking too long! 'root' took aprox 120.13466 ms
[18:59:30] [Render thread/WARN] (Minecraft) Something's taking too long! 'root' took aprox 133.092934 ms
[18:59:32] [Server thread/INFO] (Minecraft) Saving and pausing game...
[18:59:33] [Server thread/INFO] (Minecraft) Saving chunks for level 'ServerLevel[New World]'/minecraft:overworld
[18:59:33] [Server thread/INFO] (Minecraft) Saving chunks for level 'ServerLevel[New World]'/minecraft:the_nether
[18:59:33] [Server thread/INFO] (Minecraft) Saving chunks for level 'ServerLevel[New World]'/minecraft:the_end
[19:01:31] [Render thread/INFO] (Minecraft) Stopping!
[19:01:33] [Server thread/INFO] (Minecraft) Player921 lost connection: Disconnected
[19:01:33] [Server thread/INFO] (Minecraft) Player921 left the game
[19:01:33] [Server thread/INFO] (Minecraft) Stopping singleplayer server as player logged out
[19:01:33] [Server thread/INFO] (Minecraft) Stopping server
[19:01:33] [Server thread/INFO] (Minecraft) Saving players
[19:01:33] [Server thread/INFO] (Minecraft) Saving worlds
[19:01:58] [Server thread/INFO] (Minecraft) Saving chunks for level 'ServerLevel[New World]'/minecraft:overworld
[19:02:00] [Server thread/INFO] (Minecraft) Saving chunks for level 'ServerLevel[New World]'/minecraft:the_nether
[19:02:00] [Server thread/INFO] (Minecraft) Saving chunks for level 'ServerLevel[New World]'/minecraft:the_end
[19:02:00] [Server thread/INFO] (Minecraft) ThreadedAnvilChunkStorage (New World): All chunks are saved
[19:02:00] [Server thread/INFO] (Minecraft) ThreadedAnvilChunkStorage (DIM-1): All chunks are saved
[19:02:00] [Server thread/INFO] (Minecraft) ThreadedAnvilChunkStorage (DIM1): All chunks are saved
[19:02:00] [Server thread/INFO] (Minecraft) ThreadedAnvilChunkStorage: All dimensions are saved
